2021-02-22 22:27:51.033  INFO 6828 --- [main] a.SpringBatchApplicationMysqlApplication : Starting SpringBatchApplicationMysqlApplication using Java 15.0.1 on DESKTOP-3N922N4 with PID 6828 (G:\sbt_work\spring-batch-application-mysql\target\classes started by hp in G:\sbt_work\spring-batch-application-mysql)
2021-02-22 22:27:51.040  INFO 6828 --- [main] a.SpringBatchApplicationMysqlApplication : No active profile set, falling back to default profiles: default
2021-02-22 22:27:52.548  INFO 6828 --- [main] .s.d.r.c.RepositoryConfigurationDelegate : Bootstrapping Spring Data JPA repositories in DEFAULT mode.
2021-02-22 22:27:52.627  INFO 6828 --- [main] .s.d.r.c.RepositoryConfigurationDelegate : Finished Spring Data repository scanning in 70 ms. Found 1 JPA repository interfaces.
2021-02-22 22:27:53.457  INFO 6828 --- [main] o.s.b.w.embedded.tomcat.TomcatWebServer  : Tomcat initialized with port(s): 9000 (http)
2021-02-22 22:27:53.519  INFO 6828 --- [main] o.apache.catalina.core.StandardService   : Starting service [Tomcat]
2021-02-22 22:27:53.520  INFO 6828 --- [main] org.apache.catalina.core.StandardEngine  : Starting Servlet engine: [Apache Tomcat/9.0.41]
2021-02-22 22:27:53.702  INFO 6828 --- [main] o.a.c.c.C.[Tomcat].[localhost].[/]       : Initializing Spring embedded WebApplicationContext
2021-02-22 22:27:53.702  INFO 6828 --- [main] w.s.c.ServletWebServerApplicationContext : Root WebApplicationContext: initialization completed in 2562 ms
2021-02-22 22:27:54.029  INFO 6828 --- [main] o.hibernate.jpa.internal.util.LogHelper  : HHH000204: Processing PersistenceUnitInfo [name: default]
2021-02-22 22:27:54.138  INFO 6828 --- [main] org.hibernate.Version                    : HHH000412: Hibernate ORM core version 5.4.27.Final
2021-02-22 22:27:54.552  INFO 6828 --- [main] o.hibernate.annotations.common.Version   : HCANN000001: Hibernate Commons Annotations {5.1.2.Final}
2021-02-22 22:27:54.717  INFO 6828 --- [main] com.zaxxer.hikari.HikariDataSource       : HikariPool-1 - Starting...
2021-02-22 22:27:55.424  INFO 6828 --- [main] com.zaxxer.hikari.HikariDataSource       : HikariPool-1 - Start completed.
2021-02-22 22:27:55.466  INFO 6828 --- [main] org.hibernate.dialect.Dialect            : HHH000400: Using dialect: org.hibernate.dialect.MySQL8Dialect
2021-02-22 22:27:56.422  INFO 6828 --- [main] o.h.e.t.j.p.i.JtaPlatformInitiator       : HHH000490: Using JtaPlatform implementation: [org.hibernate.engine.transaction.jta.platform.internal.NoJtaPlatform]
2021-02-22 22:27:56.431  INFO 6828 --- [main] j.LocalContainerEntityManagerFactoryBean : Initialized JPA EntityManagerFactory for persistence unit 'default'
2021-02-22 22:27:56.443  WARN 6828 --- [main] o.s.b.c.c.a.DefaultBatchConfigurer       : No transaction manager was provided, using a DataSourceTransactionManager
2021-02-22 22:27:56.483  INFO 6828 --- [main] o.s.b.c.r.s.JobRepositoryFactoryBean     : No database type set, using meta data indicating: MYSQL
2021-02-22 22:27:56.523  INFO 6828 --- [main] o.s.b.c.l.support.SimpleJobLauncher      : No TaskExecutor has been set, defaulting to synchronous executor.
2021-02-22 22:27:57.092  INFO 6828 --- [main] o.s.s.concurrent.ThreadPoolTaskExecutor  : Initializing ExecutorService 'applicationTaskExecutor'
2021-02-22 22:27:57.910  INFO 6828 --- [main] o.s.s.c.ThreadPoolTaskScheduler          : Initializing ExecutorService 'taskScheduler'
2021-02-22 22:27:58.018  INFO 6828 --- [main] o.s.b.w.embedded.tomcat.TomcatWebServer  : Tomcat started on port(s): 9000 (http) with context path ''
2021-02-22 22:27:58.030  INFO 6828 --- [main] a.SpringBatchApplicationMysqlApplication : Started SpringBatchApplicationMysqlApplication in 7.753 seconds (JVM running for 8.395)
2021-02-22 22:28:01.644  INFO 6828 --- [scheduling-1] o.s.b.c.l.support.SimpleJobLauncher      : Job: [SimpleJob: [name=contract]] launched with the following parameters: [{time=1614013080004}]
2021-02-22 22:28:02.225  INFO 6828 --- [scheduling-1] o.s.batch.core.job.SimpleStepHandler     : Executing step: [step1]
2021-02-22 22:28:02.691  INFO 6828 --- [scheduling-1] o.s.batch.core.step.AbstractStep         : Step: [step1] executed in 466ms
2021-02-22 22:28:02.924  INFO 6828 --- [scheduling-1] o.s.b.c.l.support.SimpleJobLauncher      : Job: [SimpleJob: [name=contract]] completed with the following parameters: [{time=1614013080004}] and the following status: [COMPLETED] in 1s30ms
2021-02-22 22:28:10.255  INFO 6828 --- [scheduling-1] o.s.b.c.l.support.SimpleJobLauncher      : Job: [SimpleJob: [name=contract]] launched with the following parameters: [{time=1614013090005}]
2021-02-22 22:28:10.748  INFO 6828 --- [scheduling-1] o.s.batch.core.job.SimpleStepHandler     : Executing step: [step1]
2021-02-22 22:28:11.075  INFO 6828 --- [scheduling-1] o.s.batch.core.step.AbstractStep         : Step: [step1] executed in 327ms
2021-02-22 22:28:11.286  INFO 6828 --- [scheduling-1] o.s.b.c.l.support.SimpleJobLauncher      : Job: [SimpleJob: [name=contract]] completed with the following parameters: [{time=1614013090005}] and the following status: [COMPLETED] in 913ms
